{
  "stats": {
    "suites": 1,
    "tests": 4,
    "passes": 4,
    "pending": 0,
    "failures": 0,
    "start": "2022-11-03T14:22:46.740Z",
    "end": "2022-11-03T14:22:49.201Z",
    "duration": 2461,
    "testsRegistered": 4,
    "passPercent": 100,
    "pendingPercent": 0,
    "other": 0,
    "hasOther": false,
    "skipped": 0,
    "hasSkipped": false
  },
  "results": [
    {
      "uuid": "be97672f-7b55-48aa-9353-233025b382d1",
      "title": "",
      "fullFile": "/Users/afinapd/Documents/potatoeshine/mocha-chai/tests/gorest/gorest-crud.js",
      "file": "/tests/gorest/gorest-crud.js",
      "beforeHooks": [],
      "afterHooks": [],
      "tests": [],
      "suites": [
        {
          "uuid": "d8413df8-2092-4c80-b24e-5a70c276f225",
          "title": "gorest",
          "fullFile": "/Users/afinapd/Documents/potatoeshine/mocha-chai/tests/gorest/gorest-crud.js",
          "file": "/tests/gorest/gorest-crud.js",
          "beforeHooks": [],
          "afterHooks": [],
          "tests": [
            {
              "title": "List users",
              "fullTitle": "gorest List users",
              "timedOut": false,
              "duration": 766,
              "state": "passed",
              "speed": "slow",
              "pass": true,
              "fail": false,
              "pending": false,
              "context": null,
              "code": "api.get('/public/v2/users')\n.set({'Accept':'application/json', 'Content-Type':'application/json'})\n    .end(function (error, response) {\n        assert.equal(response.status, 200);\n        assert.typeOf(response.body[0].id, 'number');\n        assert.typeOf(response.body[0].name, 'string');\n        assert.typeOf(response.body[0].email, 'string');\n        assert.typeOf(response.body[0].gender, 'string');\n        assert.typeOf(response.body[0].status, 'string');\n        done();\n    })",
              "err": {},
              "uuid": "6cac6d97-015e-4ad5-a69f-4036d78566a8",
              "parentUUID": "d8413df8-2092-4c80-b24e-5a70c276f225",
              "isHook": false,
              "skipped": false
            },
            {
              "title": "Create User",
              "fullTitle": "gorest Create User",
              "timedOut": false,
              "duration": 962,
              "state": "passed",
              "speed": "slow",
              "pass": true,
              "fail": false,
              "pending": false,
              "context": null,
              "code": "api.post('/public/v2/users')\n.set({'Accept':'application/json', 'Content-Type':'application/json', 'Authorization':'Bearer a1eda2d136cecef824545a66d7e4daec61575358b36efbe20fe751d94d0f1420'})\n.send({\"name\":\"Afina Putri\", \"gender\":\"female\", \"email\":\"afinapd02@test.com\", \"status\":\"active\"})\n    .end(function (error, response) {\n        assert.equal(response.status, 201);\n        global.user_id = response.body.id\n        assert.typeOf(response.body.id, 'number');\n        assert.typeOf(response.body.name, 'string');\n        assert.typeOf(response.body.email, 'string');\n        assert.typeOf(response.body.gender, 'string');\n        assert.typeOf(response.body.status, 'string');\n        done();\n    })",
              "err": {},
              "uuid": "6ca43733-2023-4b2f-810d-ece5f60675ce",
              "parentUUID": "d8413df8-2092-4c80-b24e-5a70c276f225",
              "isHook": false,
              "skipped": false
            },
            {
              "title": "Update user",
              "fullTitle": "gorest Update user",
              "timedOut": false,
              "duration": 316,
              "state": "passed",
              "speed": "slow",
              "pass": true,
              "fail": false,
              "pending": false,
              "context": null,
              "code": "api.patch('/public/v2/users/' + global.user_id)\n.set({'Accept':'application/json', 'Content-Type':'application/json', 'Authorization':'Bearer a1eda2d136cecef824545a66d7e4daec61575358b36efbe20fe751d94d0f1420'})\n.send({\"name\":\"Afina Update\", \"email\":\"afina.update@test.com\", \"status\":\"active\"})\n    .end(function (error, response) {\n        assert.equal(response.status, 200);\n        assert.typeOf(response.body.id, 'number');\n        assert.typeOf(response.body.name, 'string');\n        assert.typeOf(response.body.email, 'string');\n        assert.typeOf(response.body.gender, 'string');\n        assert.typeOf(response.body.status, 'string');\n        assert.equal(response.body.name, 'Afina Update');\n        assert.equal(response.body.email, 'afina.update@test.com');\n        assert.equal(response.body.status, 'active');\n        done();\n    })",
              "err": {},
              "uuid": "c828aefe-e149-4f24-bd84-fe603d9e4076",
              "parentUUID": "d8413df8-2092-4c80-b24e-5a70c276f225",
              "isHook": false,
              "skipped": false
            },
            {
              "title": "Delete user",
              "fullTitle": "gorest Delete user",
              "timedOut": false,
              "duration": 407,
              "state": "passed",
              "speed": "slow",
              "pass": true,
              "fail": false,
              "pending": false,
              "context": null,
              "code": "api.delete('/public/v2/users/' + global.user_id)\n.set({'Accept':'application/json', 'Content-Type':'application/json', 'Authorization':'Bearer a1eda2d136cecef824545a66d7e4daec61575358b36efbe20fe751d94d0f1420'})\n    .end(function (error, response) {\n        assert.equal(response.status, 204);\n        done();\n    })",
              "err": {},
              "uuid": "07e1249d-0581-4d5a-b48e-724440b73c93",
              "parentUUID": "d8413df8-2092-4c80-b24e-5a70c276f225",
              "isHook": false,
              "skipped": false
            }
          ],
          "suites": [],
          "passes": [
            "6cac6d97-015e-4ad5-a69f-4036d78566a8",
            "6ca43733-2023-4b2f-810d-ece5f60675ce",
            "c828aefe-e149-4f24-bd84-fe603d9e4076",
            "07e1249d-0581-4d5a-b48e-724440b73c93"
          ],
          "failures": [],
          "pending": [],
          "skipped": [],
          "duration": 2451,
          "root": false,
          "rootEmpty": false,
          "_timeout": 180000
        }
      ],
      "passes": [],
      "failures": [],
      "pending": [],
      "skipped": [],
      "duration": 0,
      "root": true,
      "rootEmpty": true,
      "_timeout": 180000
    }
  ],
  "meta": {
    "mocha": {
      "version": "10.1.0"
    },
    "mochawesome": {
      "options": {
        "quiet": false,
        "reportFilename": "mochawesome",
        "saveHtml": true,
        "saveJson": true,
        "consoleReporter": "spec",
        "useInlineDiffs": false,
        "code": true
      },
      "version": "7.1.3"
    },
    "marge": {
      "options": {
        "reportDir": "reports/mochawesome/",
        "overwrite": "true"
      },
      "version": "6.2.0"
    }
  }
}